0 info it worked if it ends with ok
1 verbose cli [ 'C:\\Program Files\\nodejs\\node.exe',
1 verbose cli   'C:\\Program Files\\nodejs\\node_modules\\npm\\bin\\npm-cli.js',
1 verbose cli   'start' ]
2 info using npm@3.10.8
3 info using node@v6.9.1
4 verbose run-script [ 'prestart', 'start', 'poststart' ]
5 info lifecycle waw-project@0.0.0~prestart: waw-project@0.0.0
6 silly lifecycle waw-project@0.0.0~prestart: no script for prestart, continuing
7 info lifecycle waw-project@0.0.0~start: waw-project@0.0.0
8 verbose lifecycle waw-project@0.0.0~start: unsafe-perm in lifecycle true
9 verbose lifecycle waw-project@0.0.0~start: PATH: C:\Program Files\nodejs\node_modules\npm\bin\node-gyp-bin;C:\Users\Zeynep\Desktop\support2017\Homepage\node_modules\.bin;C:\Users\Zeynep\AppData\Roaming\npm;C:\Program Files\nodejs\;C:\ProgramData\Oracle\Java\javapath;C:\Windows\system32;C:\Windows;C:\Windows\System32\Wbem;C:\Windows\System32\WindowsPowerShell\v1.0\;C:\Program Files (x86)\ATI Technologies\ATI.ACE\Core-Static;C:\Program Files\Git\cmd;C:\Program Files\nodejs\;C:\Program Files (x86)\Windows Kits\8.1\Windows Performance Toolkit\;C:\Users\Zeynep\AppData\Local\atom\bin;C:\Users\Zeynep\AppData\Roaming\npm
10 verbose lifecycle waw-project@0.0.0~start: CWD: C:\Users\Zeynep\Desktop\support2017\Homepage
11 silly lifecycle waw-project@0.0.0~start: Args: [ '/d /s /c', 'ng serve' ]
12 silly lifecycle waw-project@0.0.0~start: Returned: code: 3221225786  signal: null
13 info lifecycle waw-project@0.0.0~start: Failed to exec start script
14 verbose stack Error: waw-project@0.0.0 start: `ng serve`
14 verbose stack Exit status 3221225786
14 verbose stack     at EventEmitter.<anonymous> (C:\Program Files\nodejs\node_modules\npm\lib\utils\lifecycle.js:255:16)
14 verbose stack     at emitTwo (events.js:106:13)
14 verbose stack     at EventEmitter.emit (events.js:191:7)
14 verbose stack     at ChildProcess.<anonymous> (C:\Program Files\nodejs\node_modules\npm\lib\utils\spawn.js:40:14)
14 verbose stack     at emitTwo (events.js:106:13)
14 verbose stack     at ChildProcess.emit (events.js:191:7)
14 verbose stack     at maybeClose (internal/child_process.js:877:16)
14 verbose stack     at Process.ChildProcess._handle.onexit (internal/child_process.js:226:5)
15 verbose pkgid waw-project@0.0.0
16 verbose cwd C:\Users\Zeynep\Desktop\support2017\Homepage
17 error Windows_NT 6.3.9600
18 error argv "C:\\Program Files\\nodejs\\node.exe" "C:\\Program Files\\nodejs\\node_modules\\npm\\bin\\npm-cli.js" "start"
19 error node v6.9.1
20 error npm  v3.10.8
21 error code ELIFECYCLE
22 error waw-project@0.0.0 start: `ng serve`
22 error Exit status 3221225786
23 error Failed at the waw-project@0.0.0 start script 'ng serve'.
23 error Make sure you have the latest version of node.js and npm installed.
23 error If you do, this is most likely a problem with the waw-project package,
23 error not with npm itself.
23 error Tell the author that this fails on your system:
23 error     ng serve
23 error You can get information on how to open an issue for this project with:
23 error     npm bugs waw-project
23 error Or if that isn't available, you can get their info via:
23 error     npm owner ls waw-project
23 error There is likely additional logging output above.
24 verbose exit [ 1, true ]
